nohup: ignoring input
[2026-01-12T14:03:45.896204Z] ROBUST wrapper started (TP+SL)
[2026-01-12T14:22:56.236589Z] KC3 CLOSE LONG TONUSDT qty=76.8 mark~1.70913 LIVE=True
[2026-01-12T14:23:53.997895Z] KC3 OPEN LONG TONUSDT (hmi=? hmi_delta=?) margin~13.5447 BNFCR notional~121.902 qty~71.4 mark~1.7073 LIVE=True (src=robust)
[2026-01-12T14:26:44.140121Z] KC3 CLOSE LONG TONUSDT qty=71.4 mark~1.7076 LIVE=True
[2026-01-12T14:32:18.816524Z] KC3 OPEN LONG HYPEUSDT (hmi=? hmi_delta=?) margin~13.3971 BNFCR notional~120.574 qty~5.14 mark~23.4508 LIVE=True (src=robust)
[2026-01-12T14:33:21.419213Z] KC3 CLOSE LONG HYPEUSDT qty=5.14 mark~23.5047 LIVE=True
[2026-01-12T14:33:21.731061Z] KC3 FORCE CLOSE HYPEUSDT (single-position rule)
[2026-01-12T14:33:24.342714Z] KC3 OPEN LONG TONUSDT (hmi=? hmi_delta=?) margin~13.5334 BNFCR notional~121.801 qty~70.9 mark~1.71668 LIVE=True (src=robust)
[2026-01-12T14:40:53.539980Z] KC3 CLOSE LONG TONUSDT qty=70.9 mark~1.7204 LIVE=True
[2026-01-12T14:40:53.842982Z] KC3 FORCE CLOSE TONUSDT (single-position rule)
[2026-01-12T14:40:59.915011Z] KC3 OPEN LONG HYPEUSDT (hmi=? hmi_delta=?) margin~13.649 BNFCR notional~122.841 qty~5.22 mark~23.526 LIVE=True (src=robust)
[2026-01-12T14:56:14.412960Z] KC3 CLOSE LONG HYPEUSDT qty=5.22 mark~23.4 LIVE=True
[2026-01-12T14:56:14.714674Z] KC3 FORCE CLOSE HYPEUSDT (single-position rule)
[2026-01-12T14:56:17.260873Z] KC3 OPEN SHORT SOLUSDT (hmi=? hmi_delta=?) margin~12.8582 BNFCR notional~115.724 qty~0.82 mark~140.28 LIVE=True (src=robust)
[2026-01-12T15:13:09.532252Z] KC3 CLOSE SHORT SOLUSDT qty=0.82 mark~140.27 LIVE=True
[2026-01-12T15:14:33.529746Z] KC3 OPEN LONG XMRUSDT (hmi=? hmi_delta=?) margin~12.7514 BNFCR notional~114.762 qty~0.203 mark~564.187 LIVE=True (src=robust)
[2026-01-12T15:25:52.363618Z] KC3 CLOSE LONG XMRUSDT qty=0.203 mark~573.75 LIVE=True
[2026-01-12T15:25:52.649364Z] KC3 FORCE CLOSE XMRUSDT (single-position rule)
[2026-01-12T15:25:59.415923Z] KC3 OPEN LONG HYPEUSDT (hmi=? hmi_delta=?) margin~14.5373 BNFCR notional~130.836 qty~5.56 mark~23.4963 LIVE=True (src=robust)
[2026-01-12T15:57:55.647598Z] KC3 CLOSE LONG HYPEUSDT qty=5.56 mark~23.5868 LIVE=True
[2026-01-12T15:57:55.918236Z] KC3 FORCE CLOSE HYPEUSDT (single-position rule)
[2026-01-12T15:57:58.445795Z] KC3 OPEN SHORT SOLUSDT (hmi=? hmi_delta=?) margin~14.8513 BNFCR notional~133.661 qty~0.93 mark~142.481 LIVE=True (src=robust)
[2026-01-12T16:02:16.839361Z] KC3 CLOSE SHORT SOLUSDT qty=0.93 mark~142.62 LIVE=True
[2026-01-12T16:23:18.632643Z] KC3 OPEN LONG HYPEUSDT (hmi=? hmi_delta=?) margin~14.5841 BNFCR notional~131.257 qty~5.56 mark~23.6046 LIVE=True (src=robust)
[2026-01-12T17:32:22.170564Z] KC3 CLOSE LONG HYPEUSDT qty=5.56 mark~23.3392 LIVE=True
[2026-01-12T17:32:22.482761Z] KC3 FORCE CLOSE HYPEUSDT (single-position rule)
[2026-01-12T17:32:25.056654Z] KC3 OPEN LONG UNIUSDT (hmi=? hmi_delta=?) margin~12.8746 BNFCR notional~115.871 qty~21.0 mark~5.331 LIVE=True (src=robust)
[2026-01-12T17:41:32.362247Z] KC3 CLOSE LONG UNIUSDT qty=21.0 mark~5.338 LIVE=True
[2026-01-12T18:00:16.461073Z] KC3 OPEN LONG ETHUSDT (hmi=? hmi_delta=?) margin~12.8676 BNFCR notional~115.808 qty~0.037 mark~3103.78 LIVE=True (src=robust)
[2026-01-12T18:11:49.332302Z] KC3 CLOSE LONG ETHUSDT qty=0.037 mark~3110.73 LIVE=True
[2026-01-12T18:11:49.648371Z] KC3 FORCE CLOSE ETHUSDT (single-position rule)
[2026-01-12T18:11:56.480136Z] KC3 OPEN SHORT XMRUSDT (hmi=? hmi_delta=?) margin~13.0212 BNFCR notional~117.191 qty~0.193 mark~604.53 LIVE=True (src=robust)
[2026-01-12T18:18:05.431203Z] KC3 CLOSE SHORT XMRUSDT qty=0.193 mark~601.7 LIVE=True
[2026-01-12T18:18:05.969951Z] KC3 FORCE CLOSE XMRUSDT (single-position rule)
[2026-01-12T18:18:13.558857Z] KC3 OPEN LONG ETHUSDT (hmi=? hmi_delta=?) margin~13.4878 BNFCR notional~121.39 qty~0.039 mark~3109.86 LIVE=True (src=robust)
[2026-01-12T18:26:05.245851Z] KC3 CLOSE LONG ETHUSDT qty=0.039 mark~3114.22 LIVE=True
[2026-01-12T18:32:17.941456Z] KC3 OPEN LONG UNIUSDT (hmi=? hmi_delta=?) margin~13.5801 BNFCR notional~122.221 qty~22.0 mark~5.37025 LIVE=True (src=robust)
[2026-01-12T18:46:33.999820Z] KC3 CLOSE LONG UNIUSDT qty=22.0 mark~5.34741 LIVE=True
[2026-01-12T18:46:59.673198Z] KC3 OPEN SHORT TONUSDT (hmi=? hmi_delta=?) margin~12.9122 BNFCR notional~116.21 qty~66.6 mark~1.7439 LIVE=True (src=robust)
[2026-01-12T18:47:41.017908Z] KC3 CLOSE SHORT TONUSDT qty=66.6 mark~1.74482 LIVE=True
[2026-01-12T18:48:54.391001Z] KC3 OPEN SHORT XMRUSDT (hmi=? hmi_delta=?) margin~12.7239 BNFCR notional~114.515 qty~0.191 mark~599.109 LIVE=True (src=robust)
[2026-01-12T18:56:22.277168Z] KC3 CLOSE SHORT XMRUSDT qty=0.191 mark~597.466 LIVE=True
[2026-01-12T18:56:46.107978Z] KC3 OPEN SHORT TONUSDT (hmi=? hmi_delta=?) margin~12.9209 BNFCR notional~116.288 qty~66.4 mark~1.74895 LIVE=True (src=robust)
[2026-01-12T19:01:56.093080Z] KC3 CLOSE SHORT TONUSDT qty=66.4 mark~1.74454 LIVE=True
[2026-01-12T19:01:56.390668Z] KC3 FORCE CLOSE TONUSDT (single-position rule)
[2026-01-12T19:02:09.380547Z] KC3 OPEN LONG UNIUSDT (hmi=? hmi_delta=?) margin~13.0971 BNFCR notional~117.874 qty~22.0 mark~5.33832 LIVE=True (src=robust)
Traceback (most recent call last):
  File "/usr/lib/python3/dist-packages/urllib3/connectionpool.py", line 468, in _make_request
    self._validate_conn(conn)
  File "/usr/lib/python3/dist-packages/urllib3/connectionpool.py", line 1097, in _validate_conn
    conn.connect()
  File "/usr/lib/python3/dist-packages/urllib3/connection.py", line 642, in connect
    sock_and_verified = _ssl_wrap_socket_and_match_hostname(
                        ^^^^^^^^^^^^^^^^^^^^^^^^^^^^^^^^^^^^
  File "/usr/lib/python3/dist-packages/urllib3/connection.py", line 783, in _ssl_wrap_socket_and_match_hostname
    ssl_sock = ssl_wrap_socket(
               ^^^^^^^^^^^^^^^^
  File "/usr/lib/python3/dist-packages/urllib3/util/ssl_.py", line 471, in ssl_wrap_socket
    ssl_sock = _ssl_wrap_socket_impl(sock, context, tls_in_tls, server_hostname)
               ^^^^^^^^^^^^^^^^^^^^^^^^^^^^^^^^^^^^^^^^^^^^^^^^^^^^^^^^^^^^^^^^^
  File "/usr/lib/python3/dist-packages/urllib3/util/ssl_.py", line 515, in _ssl_wrap_socket_impl
    return ssl_context.wrap_socket(sock, server_hostname=server_hostname)
           ^^^^^^^^^^^^^^^^^^^^^^^^^^^^^^^^^^^^^^^^^^^^^^^^^^^^^^^^^^^^^^
  File "/usr/lib/python3.12/ssl.py", line 455, in wrap_socket
    return self.sslsocket_class._create(
           ^^^^^^^^^^^^^^^^^^^^^^^^^^^^^
  File "/usr/lib/python3.12/ssl.py", line 1042, in _create
    self.do_handshake()
  File "/usr/lib/python3.12/ssl.py", line 1320, in do_handshake
    self._sslobj.do_handshake()
TimeoutError: _ssl.c:983: The handshake operation timed out

The above exception was the direct cause of the following exception:

Traceback (most recent call last):
  File "/usr/lib/python3/dist-packages/requests/adapters.py", line 486, in send
    resp = conn.urlopen(
           ^^^^^^^^^^^^^
  File "/usr/lib/python3/dist-packages/urllib3/connectionpool.py", line 845, in urlopen
    retries = retries.increment(
              ^^^^^^^^^^^^^^^^^^
  File "/usr/lib/python3/dist-packages/urllib3/util/retry.py", line 472, in increment
    raise reraise(type(error), error, _stacktrace)
          ^^^^^^^^^^^^^^^^^^^^^^^^^^^^^^^^^^^^^^^^
  File "/usr/lib/python3/dist-packages/urllib3/util/util.py", line 39, in reraise
    raise value
  File "/usr/lib/python3/dist-packages/urllib3/connectionpool.py", line 791, in urlopen
    response = self._make_request(
               ^^^^^^^^^^^^^^^^^^^
  File "/usr/lib/python3/dist-packages/urllib3/connectionpool.py", line 492, in _make_request
    raise new_e
  File "/usr/lib/python3/dist-packages/urllib3/connectionpool.py", line 470, in _make_request
    self._raise_timeout(err=e, url=url, timeout_value=conn.timeout)
  File "/usr/lib/python3/dist-packages/urllib3/connectionpool.py", line 371, in _raise_timeout
    raise ReadTimeoutError(
urllib3.exceptions.ReadTimeoutError: HTTPSConnectionPool(host='fapi.binance.com', port=443): Read timed out. (read timeout=10)

During handling of the above exception, another exception occurred:

Traceback (most recent call last):
  File "/root/bbotpat_live/kc3_execute_futures_robust.py", line 209, in main
    roi = current_roi(sym)
          ^^^^^^^^^^^^^^^^
  File "/root/bbotpat_live/kc3_execute_futures_robust.py", line 127, in current_roi
    mark  = float(base.get_mark(symbol))
                  ^^^^^^^^^^^^^^^^^^^^^
  File "/root/bbotpat_live/kc3_execute_futures.py", line 229, in get_mark
    d = requests.get(BASE_URL + "/fapi/v1/premiumIndex", params={"symbol": symbol}, timeout=10).json()
        ^^^^^^^^^^^^^^^^^^^^^^^^^^^^^^^^^^^^^^^^^^^^^^^^^^^^^^^^^^^^^^^^^^^^^^^^^^^^^^^^^^^^^^^
  File "/usr/lib/python3/dist-packages/requests/api.py", line 73, in get
    return request("get", url, params=params, **kwargs)
           ^^^^^^^^^^^^^^^^^^^^^^^^^^^^^^^^^^^^^^^^^^^^
  File "/usr/lib/python3/dist-packages/requests/api.py", line 59, in request
    return session.request(method=method, url=url, **kwargs)
           ^^^^^^^^^^^^^^^^^^^^^^^^^^^^^^^^^^^^^^^^^^^^^^^^^
  File "/usr/lib/python3/dist-packages/requests/sessions.py", line 589, in request
    resp = self.send(prep, **send_kwargs)
           ^^^^^^^^^^^^^^^^^^^^^^^^^^^^^^
  File "/usr/lib/python3/dist-packages/requests/sessions.py", line 703, in send
    r = adapter.send(request, **kwargs)
        ^^^^^^^^^^^^^^^^^^^^^^^^^^^^^^^
  File "/usr/lib/python3/dist-packages/requests/adapters.py", line 532, in send
    raise ReadTimeout(e, request=request)
requests.exceptions.ReadTimeout: HTTPSConnectionPool(host='fapi.binance.com', port=443): Read timed out. (read timeout=10)
[2026-01-12T19:07:26.222939Z] KC3 CLOSE LONG UNIUSDT qty=22.0 mark~5.3503 LIVE=True
[2026-01-12T19:07:26.515908Z] KC3 FORCE CLOSE UNIUSDT (single-position rule)
[2026-01-12T19:07:34.384274Z] KC3 OPEN SHORT TONUSDT (hmi=? hmi_delta=?) margin~13.2655 BNFCR notional~119.389 qty~68.1 mark~1.75113 LIVE=True (src=robust)
